Build started 9/18/2015 10:14:56 AM.
     1>Project "C:\Users\dgueorgu\Documents\GitHub\SudokuVS2013\Sudoku\Sudoku\Sudoku.vcxproj" on node 2 (Rebuild target(s)).
     1>ClCompile:
         C:\Program Files (x86)\Microsoft Visual Studio 12.0\VC\bin\CL.exe /c /ZI /nologo /W3 /WX- /sdl /Od /Oy- /D WIN32 /D _DEBUG /D _CONSOLE /D _LIB /D _UNICODE /D UNICODE /Gm /EHsc /RTC1 /MDd /GS /fp:precise /Zc:wchar_t /Zc:forScope /Fo"Debug\\" /Fd"Debug\vc120.pdb" /Gd /TP /analyze- /errorReport:prompt Generator.cpp main.cpp Solver.cpp stdafx.cpp Sudoku.cpp
         Sudoku.cpp
         stdafx.cpp
         Solver.cpp
         main.cpp
         Generator.cpp
         Generating Code...
       Link:
         C:\Program Files (x86)\Microsoft Visual Studio 12.0\VC\bin\link.exe /ERRORREPORT:PROMPT /OUT:"C:\Users\dgueorgu\Documents\GitHub\SudokuVS2013\Sudoku\Debug\Sudoku.exe" /INCREMENTAL /NOLOGO kernel32.lib user32.lib gdi32.lib winspool.lib comdlg32.lib advapi32.lib shell32.lib ole32.lib oleaut32.lib uuid.lib odbc32.lib odbccp32.lib /MANIFEST /MANIFESTUAC:"level='asInvoker' uiAccess='false'" /manifest:embed /DEBUG /PDB:"C:\Users\dgueorgu\Documents\GitHub\SudokuVS2013\Sudoku\Debug\Sudoku.pdb" /SUBSYSTEM:CONSOLE /TLBID:1 /DYNAMICBASE /NXCOMPAT /IMPLIB:"C:\Users\dgueorgu\Documents\GitHub\SudokuVS2013\Sudoku\Debug\Sudoku.lib" /MACHINE:X86 Debug\Generator.obj
         Debug\main.obj
         Debug\Solver.obj
         Debug\stdafx.obj
         Debug\Sudoku.obj
         Sudoku.vcxproj -> C:\Users\dgueorgu\Documents\GitHub\SudokuVS2013\Sudoku\Debug\Sudoku.exe
     1>Done Building Project "C:\Users\dgueorgu\Documents\GitHub\SudokuVS2013\Sudoku\Sudoku\Sudoku.vcxproj" (Rebuild target(s)).

Build succeeded.

Time Elapsed 00:00:02.95
